
> demo@0.1.0 start
> react-scripts start

Something is already running on port 7012.

> demo@0.1.0 start
> react-scripts start

(node:13420) [DEP_WEBPACK_DEV_SERVER_ON_AFTER_SETUP_MIDDLEWARE] DeprecationWarning: 'onAfterSetupMiddleware' option is deprecated. Please use the 'setupMiddlewares' option.
(Use `node --trace-deprecation ...` to show where the warning was created)
(node:13420) [DEP_WEBPACK_DEV_SERVER_ON_BEFORE_SETUP_MIDDLEWARE] DeprecationWarning: 'onBeforeSetupMiddleware' option is deprecated. Please use the 'setupMiddlewares' option.
Starting the development server...

Compiled successfully!

You can now view demo in the browser.

  Local:            http://localhost:7012
  On Your Network:  http://192.168.64.9:7012

Note that the development build is not optimized.
To create a production build, use npm run build.

webpack compiled successfully
The build failed because the process exited too early. This probably means the system ran out of memory or someone called `kill -9` on the process.

> demo@0.1.0 start
> react-scripts start

(node:15431) [DEP_WEBPACK_DEV_SERVER_ON_AFTER_SETUP_MIDDLEWARE] DeprecationWarning: 'onAfterSetupMiddleware' option is deprecated. Please use the 'setupMiddlewares' option.
(Use `node --trace-deprecation ...` to show where the warning was created)
(node:15431) [DEP_WEBPACK_DEV_SERVER_ON_BEFORE_SETUP_MIDDLEWARE] DeprecationWarning: 'onBeforeSetupMiddleware' option is deprecated. Please use the 'setupMiddlewares' option.
Starting the development server...

Compiled successfully!

You can now view demo in the browser.

  Local:            http://localhost:7012
  On Your Network:  http://192.168.64.9:7012

Note that the development build is not optimized.
To create a production build, use npm run build.

webpack compiled successfully

> demo@0.1.0 start
> react-scripts start

Something is already running on port 7012.
The build failed because the process exited too early. This probably means the system ran out of memory or someone called `kill -9` on the process.

> demo@0.1.0 start
> react-scripts start

(node:17598) [DEP_WEBPACK_DEV_SERVER_ON_AFTER_SETUP_MIDDLEWARE] DeprecationWarning: 'onAfterSetupMiddleware' option is deprecated. Please use the 'setupMiddlewares' option.
(Use `node --trace-deprecation ...` to show where the warning was created)
(node:17598) [DEP_WEBPACK_DEV_SERVER_ON_BEFORE_SETUP_MIDDLEWARE] DeprecationWarning: 'onBeforeSetupMiddleware' option is deprecated. Please use the 'setupMiddlewares' option.
Starting the development server...

Compiled successfully!

You can now view demo in the browser.

  Local:            http://localhost:7012
  On Your Network:  http://192.168.64.9:7012

Note that the development build is not optimized.
To create a production build, use npm run build.

webpack compiled successfully
The build failed because the process exited too early. This probably means the system ran out of memory or someone called `kill -9` on the process.

> demo@0.1.0 start
> react-scripts start

(node:3048) [DEP_WEBPACK_DEV_SERVER_ON_AFTER_SETUP_MIDDLEWARE] DeprecationWarning: 'onAfterSetupMiddleware' option is deprecated. Please use the 'setupMiddlewares' option.
(Use `node --trace-deprecation ...` to show where the warning was created)
(node:3048) [DEP_WEBPACK_DEV_SERVER_ON_BEFORE_SETUP_MIDDLEWARE] DeprecationWarning: 'onBeforeSetupMiddleware' option is deprecated. Please use the 'setupMiddlewares' option.
Starting the development server...

Compiled successfully!

You can now view demo in the browser.

  Local:            http://localhost:7012
  On Your Network:  http://192.168.64.9:7012

Note that the development build is not optimized.
To create a production build, use npm run build.

webpack compiled successfully
The build failed because the process exited too early. This probably means the system ran out of memory or someone called `kill -9` on the process.
